2024-09-24 02:45:03 YouTube:remote_to_local: 0 new items (events #), 0 updated, and 0 deleted.
2024-09-24 02:45:03 update_quarterly: done
2024-09-24 03:00:03 update_quarterly: updating kerktijden (forward)
2024-09-24 03:00:03 update_quarterly: updating kerkomroep (all)
2024-09-24 03:00:03 update_quarterly: updating youtube (last 10)
2024-09-24 03:00:04 YouTube:remote_to_local: 0 new items (events #), 0 updated, and 0 deleted.
2024-09-24 03:00:04 update_quarterly: done
2024-09-24 03:15:04 update_quarterly: updating kerktijden (forward)
2024-09-24 03:15:04 update_quarterly: updating kerkomroep (all)
2024-09-24 03:15:04 update_quarterly: updating youtube (last 10)
2024-09-24 03:15:05 YouTube:remote_to_local: 0 new items (events #), 0 updated, and 0 deleted.
2024-09-24 03:15:05 update_quarterly: done
2024-09-24 03:30:03 update_quarterly: updating kerktijden (forward)
2024-09-24 03:30:03 update_quarterly: updating kerkomroep (all)
2024-09-24 03:30:03 update_quarterly: updating youtube (last 10)
2024-09-24 03:30:04 YouTube:remote_to_local: 0 new items (events #), 0 updated, and 0 deleted.
2024-09-24 03:30:04 update_quarterly: done
2024-09-24 03:45:04 update_quarterly: updating kerktijden (forward)
2024-09-24 03:45:04 update_quarterly: updating kerkomroep (all)
2024-09-24 03:45:04 update_quarterly: updating youtube (last 10)
2024-09-24 03:45:04 YouTube:remote_to_local: 0 new items (events #), 0 updated, and 0 deleted.
2024-09-24 03:45:04 update_quarterly: done
2024-09-24 04:00:04 update_quarterly: updating kerktijden (forward)
2024-09-24 04:00:04 update_quarterly: updating kerkomroep (all)
2024-09-24 04:00:04 update_quarterly: updating youtube (last 10)
2024-09-24 04:00:04 YouTube:remote_to_local: 0 new items (events #), 0 updated, and 0 deleted.
2024-09-24 04:00:04 update_quarterly: done
2024-09-24 04:15:03 update_quarterly: updating kerktijden (forward)
2024-09-24 04:15:04 update_quarterly: updating kerkomroep (all)
2024-09-24 04:15:04 update_quarterly: updating youtube (last 10)
2024-09-24 04:15:04 YouTube:remote_to_local: 0 new items (events #), 0 updated, and 0 deleted.
2024-09-24 04:15:04 update_quarterly: done
2024-09-24 04:30:04 update_quarterly: updating kerktijden (forward)
2024-09-24 04:30:05 update_quarterly: updating kerkomroep (all)
2024-09-24 04:30:05 update_quarterly: updating youtube (last 10)
2024-09-24 04:30:05 YouTube:remote_to_local: 0 new items (events #), 0 updated, and 0 deleted.
2024-09-24 04:30:05 update_quarterly: done
2024-09-24 04:45:04 update_quarterly: updating kerktijden (forward)
2024-09-24 04:45:04 update_quarterly: updating kerkomroep (all)
2024-09-24 04:45:04 update_quarterly: updating youtube (last 10)
2024-09-24 04:45:04 YouTube:remote_to_local: 0 new items (events #), 0 updated, and 0 deleted.
2024-09-24 04:45:04 update_quarterly: done
2024-09-24 05:00:03 update_quarterly: updating kerktijden (forward)
2024-09-24 05:00:03 update_quarterly: updating kerkomroep (all)
2024-09-24 05:00:04 update_quarterly: updating youtube (last 10)
2024-09-24 05:00:04 YouTube:remote_to_local: 0 new items (events #), 0 updated, and 0 deleted.
2024-09-24 05:00:04 update_quarterly: done
2024-09-24 05:00:04 update_daily: updating kerktijden (backward + pastors)
2024-09-24 05:00:08 update_daily: updating kerkoproep (all + url validation)
2024-09-24 05:00:10 update_daily: updating youtube (update all known records)
2024-09-24 05:00:11 YouTube:remote_to_local: 0 new items (events #), 0 updated, and 0 deleted.
2024-09-24 05:00:11 update_daily: removing redundant records (n=0)
2024-09-24 05:00:11 update_daily: done
2024-09-24 05:15:02 update_quarterly: updating kerktijden (forward)
2024-09-24 05:15:03 update_quarterly: updating kerkomroep (all)
2024-09-24 05:15:03 update_quarterly: updating youtube (last 10)
2024-09-24 05:15:03 YouTube:remote_to_local: 0 new items (events #), 0 updated, and 0 deleted.
2024-09-24 05:15:03 update_quarterly: done
2024-09-24 05:30:03 update_quarterly: updating kerktijden (forward)
2024-09-24 05:30:03 update_quarterly: updating kerkomroep (all)
2024-09-24 05:30:03 update_quarterly: updating youtube (last 10)
2024-09-24 05:30:03 YouTube:remote_to_local: 0 new items (events #), 0 updated, and 0 deleted.
2024-09-24 05:30:04 update_quarterly: done
2024-09-24 05:45:03 update_quarterly: updating kerktijden (forward)
2024-09-24 05:45:03 update_quarterly: updating kerkomroep (all)
2024-09-24 05:45:03 update_quarterly: updating youtube (last 10)
2024-09-24 05:45:03 YouTube:remote_to_local: 0 new items (events #), 0 updated, and 0 deleted.
2024-09-24 05:45:03 update_quarterly: done
2024-09-24 06:00:03 update_quarterly: updating kerktijden (forward)
2024-09-24 06:00:03 update_quarterly: updating kerkomroep (all)
2024-09-24 06:00:03 update_quarterly: updating youtube (last 10)
2024-09-24 06:00:04 YouTube:remote_to_local: 0 new items (events #), 0 updated, and 0 deleted.
2024-09-24 06:00:04 update_quarterly: done
2024-09-24 06:15:03 update_quarterly: updating kerktijden (forward)
2024-09-24 06:15:03 update_quarterly: updating kerkomroep (all)
2024-09-24 06:15:03 update_quarterly: updating youtube (last 10)
2024-09-24 06:15:03 YouTube:remote_to_local: 0 new items (events #), 0 updated, and 0 deleted.
2024-09-24 06:15:03 update_quarterly: done
2024-09-24 06:30:03 update_quarterly: updating kerktijden (forward)
2024-09-24 06:30:03 update_quarterly: updating kerkomroep (all)
2024-09-24 06:30:03 update_quarterly: updating youtube (last 10)
2024-09-24 06:30:03 YouTube:remote_to_local: 0 new items (events #), 0 updated, and 0 deleted.
2024-09-24 06:30:03 update_quarterly: done
2024-09-24 06:45:02 update_quarterly: updating kerktijden (forward)
2024-09-24 06:45:02 update_quarterly: updating kerkomroep (all)
2024-09-24 06:45:03 update_quarterly: updating youtube (last 10)
2024-09-24 06:45:03 YouTube:remote_to_local: 0 new items (events #), 0 updated, and 0 deleted.
2024-09-24 06:45:03 update_quarterly: done
2024-09-24 07:00:04 update_quarterly: updating kerktijden (forward)
2024-09-24 07:00:04 update_quarterly: updating kerkomroep (all)
2024-09-24 07:00:04 update_quarterly: updating youtube (last 10)
2024-09-24 07:00:05 YouTube:remote_to_local: 0 new items (events #), 0 updated, and 0 deleted.
2024-09-24 07:00:05 update_quarterly: done
2024-09-24 07:15:02 update_quarterly: updating kerktijden (forward)
2024-09-24 07:15:02 update_quarterly: updating kerkomroep (all)
2024-09-24 07:15:03 update_quarterly: updating youtube (last 10)
2024-09-24 07:15:03 YouTube:remote_to_local: 0 new items (events #), 0 updated, and 0 deleted.
2024-09-24 07:15:03 update_quarterly: done
2024-09-24 07:30:03 update_quarterly: updating kerktijden (forward)
2024-09-24 07:30:03 update_quarterly: updating kerkomroep (all)
2024-09-24 07:30:03 update_quarterly: updating youtube (last 10)
2024-09-24 07:30:03 YouTube:remote_to_local: 0 new items (events #), 0 updated, and 0 deleted.
2024-09-24 07:30:03 update_quarterly: done
2024-09-24 07:45:04 update_quarterly: updating kerktijden (forward)
2024-09-24 07:45:04 update_quarterly: updating kerkomroep (all)
2024-09-24 07:45:04 update_quarterly: updating youtube (last 10)
2024-09-24 07:45:05 YouTube:remote_to_local: 0 new items (events #), 0 updated, and 0 deleted.
2024-09-24 07:45:05 update_quarterly: done
2024-09-24 08:00:03 update_quarterly: updating kerktijden (forward)
2024-09-24 08:00:03 update_quarterly: updating kerkomroep (all)
2024-09-24 08:00:03 update_quarterly: updating youtube (last 10)
2024-09-24 08:00:03 YouTube:remote_to_local: 0 new items (events #), 0 updated, and 0 deleted.
2024-09-24 08:00:03 update_quarterly: done
2024-09-24 08:15:02 update_quarterly: updating kerktijden (forward)
2024-09-24 08:15:02 update_quarterly: updating kerkomroep (all)
2024-09-24 08:15:02 update_quarterly: updating youtube (last 10)
2024-09-24 08:15:03 YouTube:remote_to_local: 0 new items (events #), 0 updated, and 0 deleted.
2024-09-24 08:15:03 update_quarterly: done
2024-09-24 08:30:04 update_quarterly: updating kerktijden (forward)
2024-09-24 08:30:04 update_quarterly: updating kerkomroep (all)
2024-09-24 08:30:04 update_quarterly: updating youtube (last 10)
2024-09-24 08:30:04 YouTube:remote_to_local: 0 new items (events #), 0 updated, and 0 deleted.
2024-09-24 08:30:04 update_quarterly: done
2024-09-24 08:45:05 update_quarterly: updating kerktijden (forward)
2024-09-24 08:45:05 update_quarterly: updating kerkomroep (all)
2024-09-24 08:45:05 update_quarterly: updating youtube (last 10)
2024-09-24 08:45:05 YouTube:remote_to_local: 0 new items (events #), 0 updated, and 0 deleted.
2024-09-24 08:45:05 update_quarterly: done
2024-09-24 09:00:03 update_quarterly: updating kerktijden (forward)
2024-09-24 09:00:03 update_quarterly: updating kerkomroep (all)
2024-09-24 09:00:03 update_quarterly: updating youtube (last 10)
2024-09-24 09:00:04 YouTube:remote_to_local: 0 new items (events #), 0 updated, and 0 deleted.
2024-09-24 09:00:04 update_quarterly: done
2024-09-24 09:15:04 update_quarterly: updating kerktijden (forward)
2024-09-24 09:15:04 update_quarterly: updating kerkomroep (all)
2024-09-24 09:15:04 update_quarterly: updating youtube (last 10)
2024-09-24 09:15:05 YouTube:remote_to_local: 0 new items (events #), 0 updated, and 0 deleted.
2024-09-24 09:15:05 update_quarterly: done
2024-09-24 09:30:04 update_quarterly: updating kerktijden (forward)
2024-09-24 09:30:04 update_quarterly: updating kerkomroep (all)
2024-09-24 09:30:04 update_quarterly: updating youtube (last 10)
2024-09-24 09:30:05 YouTube:remote_to_local: 0 new items (events #), 0 updated, and 0 deleted.
2024-09-24 09:30:05 update_quarterly: done
2024-09-24 09:45:03 update_quarterly: updating kerktijden (forward)
2024-09-24 09:45:03 update_quarterly: updating kerkomroep (all)
2024-09-24 09:45:03 update_quarterly: updating youtube (last 10)
2024-09-24 09:45:04 YouTube:remote_to_local: 0 new items (events #), 0 updated, and 0 deleted.
2024-09-24 09:45:04 update_quarterly: done
2024-09-24 10:00:05 update_quarterly: updating kerktijden (forward)
2024-09-24 10:00:05 update_quarterly: updating kerkomroep (all)
2024-09-24 10:00:05 update_quarterly: updating youtube (last 10)
2024-09-24 10:00:05 YouTube:remote_to_local: 0 new items (events #), 0 updated, and 0 deleted.
2024-09-24 10:00:05 update_quarterly: done
2024-09-24 10:15:03 update_quarterly: updating kerktijden (forward)
2024-09-24 10:15:03 update_quarterly: updating kerkomroep (all)
2024-09-24 10:15:03 update_quarterly: updating youtube (last 10)
2024-09-24 10:15:04 YouTube:remote_to_local: 0 new items (events #), 0 updated, and 0 deleted.
2024-09-24 10:15:04 update_quarterly: done
2024-09-24 10:30:03 update_quarterly: updating kerktijden (forward)
2024-09-24 10:30:03 update_quarterly: updating kerkomroep (all)
2024-09-24 10:30:03 update_quarterly: updating youtube (last 10)
2024-09-24 10:30:03 YouTube:remote_to_local: 0 new items (events #), 0 updated, and 0 deleted.
2024-09-24 10:30:03 update_quarterly: done
2024-09-24 10:45:03 update_quarterly: updating kerktijden (forward)
2024-09-24 10:45:04 update_quarterly: updating kerkomroep (all)
2024-09-24 10:45:04 update_quarterly: updating youtube (last 10)
2024-09-24 10:45:04 YouTube:remote_to_local: 0 new items (events #), 0 updated, and 0 deleted.
2024-09-24 10:45:04 update_quarterly: done
2024-09-24 11:00:04 update_quarterly: updating kerktijden (forward)
2024-09-24 11:00:04 update_quarterly: updating kerkomroep (all)
2024-09-24 11:00:04 update_quarterly: updating youtube (last 10)
2024-09-24 11:00:04 YouTube:remote_to_local: 0 new items (events #), 0 updated, and 0 deleted.
2024-09-24 11:00:04 update_quarterly: done
2024-09-24 11:15:02 update_quarterly: updating kerktijden (forward)
2024-09-24 11:15:03 update_quarterly: updating kerkomroep (all)
2024-09-24 11:15:03 update_quarterly: updating youtube (last 10)
2024-09-24 11:15:03 YouTube:remote_to_local: 0 new items (events #), 0 updated, and 0 deleted.
2024-09-24 11:15:03 update_quarterly: done
2024-09-24 11:30:03 update_quarterly: updating kerktijden (forward)
2024-09-24 11:30:03 update_quarterly: updating kerkomroep (all)
2024-09-24 11:30:03 update_quarterly: updating youtube (last 10)
2024-09-24 11:30:04 YouTube:remote_to_local: 0 new items (events #), 0 updated, and 0 deleted.
2024-09-24 11:30:04 update_quarterly: done
2024-09-24 11:45:02 update_quarterly: updating kerktijden (forward)
2024-09-24 11:45:02 update_quarterly: updating kerkomroep (all)
2024-09-24 11:45:03 update_quarterly: updating youtube (last 10)
2024-09-24 11:45:03 YouTube:remote_to_local: 0 new items (events #), 0 updated, and 0 deleted.
2024-09-24 11:45:03 update_quarterly: done
2024-09-24 12:00:04 update_quarterly: updating kerktijden (forward)
2024-09-24 12:00:04 update_quarterly: updating kerkomroep (all)
2024-09-24 12:00:04 update_quarterly: updating youtube (last 10)
2024-09-24 12:00:04 YouTube:remote_to_local: 0 new items (events #), 0 updated, and 0 deleted.
2024-09-24 12:00:04 update_quarterly: done
2024-09-24 12:15:02 update_quarterly: updating kerktijden (forward)
2024-09-24 12:15:02 update_quarterly: updating kerkomroep (all)
2024-09-24 12:15:02 update_quarterly: updating youtube (last 10)
2024-09-24 12:15:03 YouTube:remote_to_local: 0 new items (events #), 0 updated, and 0 deleted.
2024-09-24 12:15:03 update_quarterly: done
2024-09-24 12:30:04 update_quarterly: updating kerktijden (forward)
2024-09-24 12:30:04 update_quarterly: updating kerkomroep (all)
2024-09-24 12:30:04 update_quarterly: updating youtube (last 10)
2024-09-24 12:30:05 YouTube:remote_to_local: 0 new items (events #), 0 updated, and 0 deleted.
2024-09-24 12:30:05 update_quarterly: done
2024-09-24 12:45:02 update_quarterly: updating kerktijden (forward)
2024-09-24 12:45:03 update_quarterly: updating kerkomroep (all)
2024-09-24 12:45:03 update_quarterly: updating youtube (last 10)
2024-09-24 12:45:03 YouTube:remote_to_local: 0 new items (events #), 0 updated, and 0 deleted.
2024-09-24 12:45:03 update_quarterly: done
2024-09-24 13:00:04 update_quarterly: updating kerktijden (forward)
2024-09-24 13:00:04 update_quarterly: updating kerkomroep (all)
2024-09-24 13:00:04 update_quarterly: updating youtube (last 10)
2024-09-24 13:00:05 YouTube:remote_to_local: 0 new items (events #), 0 updated, and 0 deleted.
2024-09-24 13:00:05 update_quarterly: done
2024-09-24 13:15:03 update_quarterly: updating kerktijden (forward)
2024-09-24 13:15:03 update_quarterly: updating kerkomroep (all)
2024-09-24 13:15:03 update_quarterly: updating youtube (last 10)
2024-09-24 13:15:03 YouTube:remote_to_local: 0 new items (events #), 0 updated, and 0 deleted.
2024-09-24 13:15:03 update_quarterly: done
2024-09-24 13:30:03 update_quarterly: updating kerktijden (forward)
2024-09-24 13:30:04 update_quarterly: updating kerkomroep (all)
2024-09-24 13:30:04 update_quarterly: updating youtube (last 10)
2024-09-24 13:30:04 YouTube:remote_to_local: 0 new items (events #), 0 updated, and 0 deleted.
2024-09-24 13:30:04 update_quarterly: done
2024-09-24 13:45:04 update_quarterly: updating kerktijden (forward)
2024-09-24 13:45:04 update_quarterly: updating kerkomroep (all)
2024-09-24 13:45:04 update_quarterly: updating youtube (last 10)
2024-09-24 13:45:04 YouTube:remote_to_local: 0 new items (events #), 0 updated, and 0 deleted.
2024-09-24 13:45:04 update_quarterly: done
2024-09-24 14:00:03 update_quarterly: updating kerktijden (forward)
2024-09-24 14:00:03 update_quarterly: updating kerkomroep (all)
2024-09-24 14:00:03 update_quarterly: updating youtube (last 10)
2024-09-24 14:00:04 YouTube:remote_to_local: 0 new items (events #), 0 updated, and 0 deleted.
2024-09-24 14:00:04 update_quarterly: done
2024-09-24 14:15:05 update_quarterly: updating kerktijden (forward)
2024-09-24 14:15:05 update_quarterly: updating kerkomroep (all)
2024-09-24 14:15:05 update_quarterly: updating youtube (last 10)
2024-09-24 14:15:06 YouTube:remote_to_local: 0 new items (events #), 0 updated, and 0 deleted.
2024-09-24 14:15:06 update_quarterly: done
2024-09-24 14:30:03 update_quarterly: updating kerktijden (forward)
2024-09-24 14:30:04 update_quarterly: updating kerkomroep (all)
2024-09-24 14:30:04 update_quarterly: updating youtube (last 10)
2024-09-24 14:30:04 YouTube:remote_to_local: 0 new items (events #), 0 updated, and 0 deleted.
2024-09-24 14:30:04 update_quarterly: done
2024-09-24 14:45:05 update_quarterly: updating kerktijden (forward)
2024-09-24 14:45:05 update_quarterly: updating kerkomroep (all)
2024-09-24 14:45:05 update_quarterly: updating youtube (last 10)
2024-09-24 14:45:06 YouTube:remote_to_local: 0 new items (events #), 0 updated, and 0 deleted.
2024-09-24 14:45:06 update_quarterly: done
2024-09-24 15:00:03 update_quarterly: updating kerktijden (forward)
2024-09-24 15:00:03 update_quarterly: updating kerkomroep (all)
2024-09-24 15:00:04 update_quarterly: updating youtube (last 10)
2024-09-24 15:00:04 YouTube:remote_to_local: 0 new items (events #), 0 updated, and 0 deleted.
2024-09-24 15:00:04 update_quarterly: done
2024-09-24 15:15:03 update_quarterly: updating kerktijden (forward)
2024-09-24 15:15:03 update_quarterly: updating kerkomroep (all)
2024-09-24 15:15:03 update_quarterly: updating youtube (last 10)
2024-09-24 15:15:04 YouTube:remote_to_local: 0 new items (events #), 0 updated, and 0 deleted.
2024-09-24 15:15:04 update_quarterly: done
2024-09-24 15:30:03 update_quarterly: updating kerktijden (forward)
2024-09-24 15:30:03 update_quarterly: updating kerkomroep (all)
2024-09-24 15:30:03 update_quarterly: updating youtube (last 10)
2024-09-24 15:30:04 YouTube:remote_to_local: 0 new items (events #), 0 updated, and 0 deleted.
2024-09-24 15:30:04 update_quarterly: done
2024-09-24 15:45:03 update_quarterly: updating kerktijden (forward)
2024-09-24 15:45:03 update_quarterly: updating kerkomroep (all)
2024-09-24 15:45:03 update_quarterly: updating youtube (last 10)
2024-09-24 15:45:04 YouTube:remote_to_local: 0 new items (events #), 0 updated, and 0 deleted.
2024-09-24 15:45:04 update_quarterly: done
2024-09-24 16:00:03 update_quarterly: updating kerktijden (forward)
2024-09-24 16:00:03 update_quarterly: updating kerkomroep (all)
2024-09-24 16:00:03 update_quarterly: updating youtube (last 10)
2024-09-24 16:00:04 YouTube:remote_to_local: 0 new items (events #), 0 updated, and 0 deleted.
2024-09-24 16:00:04 update_quarterly: done
2024-09-24 16:15:04 update_quarterly: updating kerktijden (forward)
2024-09-24 16:15:04 update_quarterly: updating kerkomroep (all)
2024-09-24 16:15:04 update_quarterly: updating youtube (last 10)
2024-09-24 16:15:04 YouTube:remote_to_local: 0 new items (events #), 0 updated, and 0 deleted.
2024-09-24 16:15:04 update_quarterly: done
2024-09-24 16:30:03 update_quarterly: updating kerktijden (forward)
2024-09-24 16:30:03 update_quarterly: updating kerkomroep (all)
2024-09-24 16:30:04 update_quarterly: updating youtube (last 10)
2024-09-24 16:30:04 YouTube:remote_to_local: 0 new items (events #), 0 updated, and 0 deleted.
2024-09-24 16:30:04 update_quarterly: done
2024-09-24 16:45:02 update_quarterly: updating kerktijden (forward)
2024-09-24 16:45:03 update_quarterly: updating kerkomroep (all)
2024-09-24 16:45:03 update_quarterly: updating youtube (last 10)
2024-09-24 16:45:03 YouTube:remote_to_local: 0 new items (events #), 0 updated, and 0 deleted.
2024-09-24 16:45:03 update_quarterly: done
2024-09-24 17:00:03 update_quarterly: updating kerktijden (forward)
2024-09-24 17:00:03 update_quarterly: updating kerkomroep (all)
2024-09-24 17:00:03 update_quarterly: updating youtube (last 10)
2024-09-24 17:00:03 YouTube:remote_to_local: 0 new items (events #), 0 updated, and 0 deleted.
2024-09-24 17:00:03 update_quarterly: done
2024-09-24 17:15:02 update_quarterly: updating kerktijden (forward)
2024-09-24 17:15:03 update_quarterly: updating kerkomroep (all)
2024-09-24 17:15:03 update_quarterly: updating youtube (last 10)
2024-09-24 17:15:03 YouTube:remote_to_local: 0 new items (events #), 0 updated, and 0 deleted.
2024-09-24 17:15:03 update_quarterly: done
2024-09-24 17:30:03 update_quarterly: updating kerktijden (forward)
2024-09-24 17:30:03 update_quarterly: updating kerkomroep (all)
2024-09-24 17:30:03 update_quarterly: updating youtube (last 10)
2024-09-24 17:30:04 YouTube:remote_to_local: 0 new items (events #), 0 updated, and 0 deleted.
2024-09-24 17:30:04 update_quarterly: done
2024-09-24 17:45:03 update_quarterly: updating kerktijden (forward)
2024-09-24 17:45:03 update_quarterly: updating kerkomroep (all)
2024-09-24 17:45:03 update_quarterly: updating youtube (last 10)
2024-09-24 17:45:03 YouTube:remote_to_local: 0 new items (events #), 0 updated, and 0 deleted.
2024-09-24 17:45:03 update_quarterly: done
2024-09-24 18:00:03 update_quarterly: updating kerktijden (forward)
2024-09-24 18:00:03 update_quarterly: updating kerkomroep (all)
2024-09-24 18:00:04 update_quarterly: updating youtube (last 10)
2024-09-24 18:00:04 YouTube:remote_to_local: 0 new items (events #), 0 updated, and 0 deleted.
2024-09-24 18:00:04 update_quarterly: done
2024-09-24 18:15:04 update_quarterly: updating kerktijden (forward)
2024-09-24 18:15:04 update_quarterly: updating kerkomroep (all)
2024-09-24 18:15:04 update_quarterly: updating youtube (last 10)
2024-09-24 18:15:04 YouTube:remote_to_local: 0 new items (events #), 0 updated, and 0 deleted.
2024-09-24 18:15:04 update_quarterly: done
2024-09-24 18:30:05 update_quarterly: updating kerktijden (forward)
2024-09-24 18:30:05 update_quarterly: updating kerkomroep (all)
2024-09-24 18:30:05 update_quarterly: updating youtube (last 10)
2024-09-24 18:30:06 YouTube:remote_to_local: 0 new items (events #), 0 updated, and 0 deleted.
2024-09-24 18:30:06 update_quarterly: done
2024-09-24 18:45:04 update_quarterly: updating kerktijden (forward)
2024-09-24 18:45:04 update_quarterly: updating kerkomroep (all)
2024-09-24 18:45:04 update_quarterly: updating youtube (last 10)
2024-09-24 18:45:04 YouTube:remote_to_local: 0 new items (events #), 0 updated, and 0 deleted.
2024-09-24 18:45:04 update_quarterly: done
2024-09-24 19:00:05 update_quarterly: updating kerktijden (forward)
2024-09-24 19:00:06 update_quarterly: updating kerkomroep (all)
2024-09-24 19:00:06 update_quarterly: updating youtube (last 10)
2024-09-24 19:00:06 YouTube:remote_to_local: 0 new items (events #), 0 updated, and 0 deleted.
2024-09-24 19:00:06 update_quarterly: done
2024-09-24 19:15:04 update_quarterly: updating kerktijden (forward)
2024-09-24 19:15:04 update_quarterly: updating kerkomroep (all)
2024-09-24 19:15:04 update_quarterly: updating youtube (last 10)
2024-09-24 19:15:05 YouTube:remote_to_local: 0 new items (events #), 0 updated, and 0 deleted.
2024-09-24 19:15:05 update_quarterly: done
2024-09-24 19:30:05 update_quarterly: updating kerktijden (forward)
2024-09-24 19:30:05 update_quarterly: updating kerkomroep (all)
2024-09-24 19:30:05 update_quarterly: updating youtube (last 10)
2024-09-24 19:30:05 YouTube:remote_to_local: 0 new items (events #), 0 updated, and 0 deleted.
2024-09-24 19:30:05 update_quarterly: done
2024-09-24 19:45:05 update_quarterly: updating kerktijden (forward)
2024-09-24 19:45:05 update_quarterly: updating kerkomroep (all)
2024-09-24 19:45:05 update_quarterly: updating youtube (last 10)
2024-09-24 19:45:05 YouTube:remote_to_local: 0 new items (events #), 0 updated, and 0 deleted.
2024-09-24 19:45:05 update_quarterly: done
2024-09-24 20:00:05 update_quarterly: updating kerktijden (forward)
2024-09-24 20:00:05 update_quarterly: updating kerkomroep (all)
2024-09-24 20:00:05 update_quarterly: updating youtube (last 10)
2024-09-24 20:00:06 YouTube:remote_to_local: 0 new items (events #), 0 updated, and 0 deleted.
2024-09-24 20:00:06 update_quarterly: done
2024-09-24 20:15:05 update_quarterly: updating kerktijden (forward)
2024-09-24 20:15:05 update_quarterly: updating kerkomroep (all)
2024-09-24 20:15:05 update_quarterly: updating youtube (last 10)
2024-09-24 20:15:05 YouTube:remote_to_local: 0 new items (events #), 0 updated, and 0 deleted.
2024-09-24 20:15:05 update_quarterly: done
2024-09-24 20:30:05 update_quarterly: updating kerktijden (forward)
2024-09-24 20:30:05 update_quarterly: updating kerkomroep (all)
2024-09-24 20:30:05 update_quarterly: updating youtube (last 10)
2024-09-24 20:30:06 YouTube:remote_to_local: 0 new items (events #), 0 updated, and 0 deleted.
2024-09-24 20:30:06 update_quarterly: done
2024-09-24 20:45:05 update_quarterly: updating kerktijden (forward)
2024-09-24 20:45:05 update_quarterly: updating kerkomroep (all)
2024-09-24 20:45:05 update_quarterly: updating youtube (last 10)
2024-09-24 20:45:06 YouTube:remote_to_local: 0 new items (events #), 0 updated, and 0 deleted.
2024-09-24 20:45:06 update_quarterly: done
2024-09-24 21:00:05 update_quarterly: updating kerktijden (forward)
2024-09-24 21:00:05 update_quarterly: updating kerkomroep (all)
2024-09-24 21:00:05 update_quarterly: updating youtube (last 10)
2024-09-24 21:00:05 YouTube:remote_to_local: 0 new items (events #), 0 updated, and 0 deleted.
2024-09-24 21:00:05 update_quarterly: done
2024-09-24 21:15:04 update_quarterly: updating kerktijden (forward)
2024-09-24 21:15:05 update_quarterly: updating kerkomroep (all)
2024-09-24 21:15:05 update_quarterly: updating youtube (last 10)
2024-09-24 21:15:05 YouTube:remote_to_local: 0 new items (events #), 0 updated, and 0 deleted.
2024-09-24 21:15:05 update_quarterly: done
2024-09-24 21:30:05 update_quarterly: updating kerktijden (forward)
2024-09-24 21:30:05 update_quarterly: updating kerkomroep (all)
2024-09-24 21:30:05 update_quarterly: updating youtube (last 10)
2024-09-24 21:30:05 YouTube:remote_to_local: 0 new items (events #), 0 updated, and 0 deleted.
2024-09-24 21:30:05 update_quarterly: done
2024-09-24 21:45:04 update_quarterly: updating kerktijden (forward)
2024-09-24 21:45:04 update_quarterly: updating kerkomroep (all)
2024-09-24 21:45:04 update_quarterly: updating youtube (last 10)
2024-09-24 21:45:05 YouTube:remote_to_local: 0 new items (events #), 0 updated, and 0 deleted.
2024-09-24 21:45:05 update_quarterly: done
2024-09-24 22:00:05 update_quarterly: updating kerktijden (forward)
2024-09-24 22:00:05 update_quarterly: updating kerkomroep (all)
2024-09-24 22:00:05 update_quarterly: updating youtube (last 10)
2024-09-24 22:00:06 YouTube:remote_to_local: 0 new items (events #), 0 updated, and 0 deleted.
2024-09-24 22:00:06 update_quarterly: done
2024-09-24 22:15:04 update_quarterly: updating kerktijden (forward)
2024-09-24 22:15:04 update_quarterly: updating kerkomroep (all)
2024-09-24 22:15:04 update_quarterly: updating youtube (last 10)
2024-09-24 22:15:04 YouTube:remote_to_local: 0 new items (events #), 0 updated, and 0 deleted.
2024-09-24 22:15:04 update_quarterly: done
2024-09-24 22:30:04 update_quarterly: updating kerktijden (forward)
2024-09-24 22:30:05 update_quarterly: updating kerkomroep (all)
2024-09-24 22:30:05 update_quarterly: updating youtube (last 10)
2024-09-24 22:30:05 YouTube:remote_to_local: 0 new items (events #), 0 updated, and 0 deleted.
2024-09-24 22:30:05 update_quarterly: done
2024-09-24 22:45:04 update_quarterly: updating kerktijden (forward)
2024-09-24 22:45:04 update_quarterly: updating kerkomroep (all)
2024-09-24 22:45:04 update_quarterly: updating youtube (last 10)
2024-09-24 22:45:04 YouTube:remote_to_local: 0 new items (events #), 0 updated, and 0 deleted.
2024-09-24 22:45:04 update_quarterly: done
2024-09-24 23:00:05 update_quarterly: updating kerktijden (forward)
2024-09-24 23:00:05 update_quarterly: updating kerkomroep (all)
2024-09-24 23:00:05 update_quarterly: updating youtube (last 10)
2024-09-24 23:00:06 YouTube:remote_to_local: 0 new items (events #), 0 updated, and 0 deleted.
2024-09-24 23:00:06 update_quarterly: done
2024-09-24 23:15:04 update_quarterly: updating kerktijden (forward)
2024-09-24 23:15:04 update_quarterly: updating kerkomroep (all)
2024-09-24 23:15:04 update_quarterly: updating youtube (last 10)
2024-09-24 23:15:05 YouTube:remote_to_local: 0 new items (events #), 0 updated, and 0 deleted.
2024-09-24 23:15:05 update_quarterly: done
2024-09-24 23:30:04 update_quarterly: updating kerktijden (forward)
2024-09-24 23:30:04 update_quarterly: updating kerkomroep (all)
2024-09-24 23:30:04 update_quarterly: updating youtube (last 10)
2024-09-24 23:30:05 YouTube:remote_to_local: 0 new items (events #), 0 updated, and 0 deleted.
2024-09-24 23:30:05 update_quarterly: done
2024-09-24 23:45:03 update_quarterly: updating kerktijden (forward)
2024-09-24 23:45:03 update_quarterly: updating kerkomroep (all)
2024-09-24 23:45:03 update_quarterly: updating youtube (last 10)
2024-09-24 23:45:04 YouTube:remote_to_local: 0 new items (events #), 0 updated, and 0 deleted.
2024-09-24 23:45:04 update_quarterly: done
2024-09-25 00:00:05 update_quarterly: updating kerktijden (forward)
2024-09-25 00:00:05 update_quarterly: updating kerkomroep (all)
2024-09-25 00:00:06 update_quarterly: updating youtube (last 10)
2024-09-25 00:00:06 YouTube:remote_to_local: 0 new items (events #), 0 updated, and 0 deleted.
2024-09-25 00:00:06 update_quarterly: done
2024-09-25 00:15:04 update_quarterly: updating kerktijden (forward)
2024-09-25 00:15:04 update_quarterly: updating kerkomroep (all)
2024-09-25 00:15:04 update_quarterly: updating youtube (last 10)
2024-09-25 00:15:04 YouTube:remote_to_local: 0 new items (events #), 0 updated, and 0 deleted.
2024-09-25 00:15:04 update_quarterly: done
2024-09-25 00:30:05 update_quarterly: updating kerktijden (forward)
2024-09-25 00:30:05 update_quarterly: updating kerkomroep (all)
2024-09-25 00:30:05 update_quarterly: updating youtube (last 10)
2024-09-25 00:30:05 YouTube:remote_to_local: 0 new items (events #), 0 updated, and 0 deleted.
2024-09-25 00:30:05 update_quarterly: done
2024-09-25 00:45:03 update_quarterly: updating kerktijden (forward)
2024-09-25 00:45:03 update_quarterly: updating kerkomroep (all)
2024-09-25 00:45:03 update_quarterly: updating youtube (last 10)
2024-09-25 00:45:04 YouTube:remote_to_local: 0 new items (events #), 0 updated, and 0 deleted.
2024-09-25 00:45:04 update_quarterly: done
2024-09-25 01:00:03 update_quarterly: updating kerktijden (forward)
2024-09-25 01:15:03 update_quarterly: updating kerktijden (forward)
2024-09-25 01:15:03 update_quarterly: updating kerkomroep (all)
2024-09-25 01:15:03 update_quarterly: updating youtube (last 10)
2024-09-25 01:15:04 YouTube:remote_to_local: 0 new items (events #), 0 updated, and 0 deleted.
2024-09-25 01:15:04 update_quarterly: done
2024-09-25 01:30:02 update_quarterly: updating kerktijden (forward)
2024-09-25 01:30:02 update_quarterly: updating kerkomroep (all)
2024-09-25 01:30:02 update_quarterly: updating youtube (last 10)
2024-09-25 01:30:03 YouTube:remote_to_local: 0 new items (events #), 0 updated, and 0 deleted.
2024-09-25 01:30:03 update_quarterly: done
2024-09-25 01:45:03 update_quarterly: updating kerktijden (forward)
2024-09-25 01:45:03 update_quarterly: updating kerkomroep (all)
2024-09-25 01:45:03 update_quarterly: updating youtube (last 10)
2024-09-25 01:45:04 YouTube:remote_to_local: 0 new items (events #), 0 updated, and 0 deleted.
2024-09-25 01:45:04 update_quarterly: done
2024-09-25 02:00:03 update_quarterly: updating kerktijden (forward)
2024-09-25 02:00:03 update_quarterly: updating kerkomroep (all)
2024-09-25 02:00:03 update_quarterly: updating youtube (last 10)
2024-09-25 02:00:04 YouTube:remote_to_local: 0 new items (events #), 0 updated, and 0 deleted.
2024-09-25 02:00:04 update_quarterly: done
2024-09-25 02:15:02 update_quarterly: updating kerktijden (forward)
2024-09-25 02:15:02 update_quarterly: updating kerkomroep (all)
2024-09-25 02:15:02 update_quarterly: updating youtube (last 10)
2024-09-25 02:15:03 YouTube:remote_to_local: 0 new items (events #), 0 updated, and 0 deleted.
2024-09-25 02:15:03 update_quarterly: done
2024-09-25 02:30:03 update_quarterly: updating kerktijden (forward)
2024-09-25 02:30:03 update_quarterly: updating kerkomroep (all)
2024-09-25 02:30:03 update_quarterly: updating youtube (last 10)
2024-09-25 02:30:04 YouTube:remote_to_local: 0 new items (events #), 0 updated, and 0 deleted.
2024-09-25 02:30:04 update_quarterly: done
2024-09-25 02:45:03 update_quarterly: updating kerktijden (forward)
2024-09-25 02:45:03 update_quarterly: updating kerkomroep (all)
2024-09-25 02:45:03 update_quarterly: updating youtube (last 10)
2024-09-25 02:45:03 YouTube:remote_to_local: 0 new items (events #), 0 updated, and 0 deleted.
2024-09-25 02:45:03 update_quarterly: done
2024-09-25 03:00:03 update_quarterly: updating kerktijden (forward)
2024-09-25 03:00:03 update_quarterly: updating kerkomroep (all)
2024-09-25 03:00:03 update_quarterly: updating youtube (last 10)
2024-09-25 03:00:04 YouTube:remote_to_local: 0 new items (events #), 0 updated, and 0 deleted.
2024-09-25 03:00:04 update_quarterly: done
2024-09-25 03:15:02 update_quarterly: updating kerktijden (forward)
2024-09-25 03:15:02 update_quarterly: updating kerkomroep (all)
2024-09-25 03:15:02 update_quarterly: updating youtube (last 10)
2024-09-25 03:15:03 YouTube:remote_to_local: 0 new items (events #), 0 updated, and 0 deleted.
2024-09-25 03:15:03 update_quarterly: done
2024-09-25 03:30:03 update_quarterly: updating kerktijden (forward)
2024-09-25 03:30:03 update_quarterly: updating kerkomroep (all)
2024-09-25 03:30:03 update_quarterly: updating youtube (last 10)
2024-09-25 03:30:04 YouTube:remote_to_local: 0 new items (events #), 0 updated, and 0 deleted.
2024-09-25 03:30:04 update_quarterly: done
2024-09-25 03:45:03 update_quarterly: updating kerktijden (forward)
2024-09-25 03:45:03 update_quarterly: updating kerkomroep (all)
2024-09-25 03:45:04 update_quarterly: updating youtube (last 10)
2024-09-25 03:45:04 YouTube:remote_to_local: 0 new items (events #), 0 updated, and 0 deleted.
2024-09-25 03:45:04 update_quarterly: done
2024-09-25 04:00:03 update_quarterly: updating kerktijden (forward)
2024-09-25 04:00:04 update_quarterly: updating kerkomroep (all)
2024-09-25 04:00:04 update_quarterly: updating youtube (last 10)
2024-09-25 04:00:04 YouTube:remote_to_local: 0 new items (events #), 0 updated, and 0 deleted.
2024-09-25 04:00:04 update_quarterly: done
2024-09-25 04:15:03 update_quarterly: updating kerktijden (forward)
2024-09-25 04:15:03 update_quarterly: updating kerkomroep (all)
2024-09-25 04:15:03 update_quarterly: updating youtube (last 10)
2024-09-25 04:15:04 YouTube:remote_to_local: 0 new items (events #), 0 updated, and 0 deleted.
2024-09-25 04:15:04 update_quarterly: done
2024-09-25 04:30:03 update_quarterly: updating kerktijden (forward)
2024-09-25 04:30:03 update_quarterly: updating kerkomroep (all)
2024-09-25 04:30:03 update_quarterly: updating youtube (last 10)
2024-09-25 04:30:03 YouTube:remote_to_local: 0 new items (events #), 0 updated, and 0 deleted.
2024-09-25 04:30:04 update_quarterly: done
2024-09-25 04:45:02 update_quarterly: updating kerktijden (forward)
2024-09-25 04:45:02 update_quarterly: updating kerkomroep (all)
2024-09-25 04:45:02 update_quarterly: updating youtube (last 10)
2024-09-25 04:45:03 YouTube:remote_to_local: 0 new items (events #), 0 updated, and 0 deleted.
2024-09-25 04:45:03 update_quarterly: done
2024-09-25 05:00:03 update_quarterly: updating kerktijden (forward)
2024-09-25 05:00:03 update_quarterly: updating kerkomroep (all)
2024-09-25 05:00:03 update_quarterly: updating youtube (last 10)
2024-09-25 05:00:04 YouTube:remote_to_local: 0 new items (events #), 0 updated, and 0 deleted.
2024-09-25 05:00:04 update_quarterly: done
2024-09-25 05:00:04 update_daily: updating kerktijden (backward + pastors)
2024-09-25 05:00:07 update_daily: updating kerkoproep (all + url validation)
2024-09-25 05:00:09 update_daily: updating youtube (update all known records)
2024-09-25 05:00:10 YouTube:remote_to_local: 0 new items (events #), 0 updated, and 0 deleted.
2024-09-25 05:00:10 update_daily: removing redundant records (n=0)
2024-09-25 05:00:10 update_daily: done
2024-09-25 05:15:03 update_quarterly: updating kerktijden (forward)
2024-09-25 05:15:03 update_quarterly: updating kerkomroep (all)
2024-09-25 05:15:03 update_quarterly: updating youtube (last 10)
2024-09-25 05:15:04 YouTube:remote_to_local: 0 new items (events #), 0 updated, and 0 deleted.
2024-09-25 05:15:04 update_quarterly: done
2024-09-25 05:30:03 update_quarterly: updating kerktijden (forward)
2024-09-25 05:30:03 update_quarterly: updating kerkomroep (all)
2024-09-25 05:30:03 update_quarterly: updating youtube (last 10)
2024-09-25 05:30:04 YouTube:remote_to_local: 0 new items (events #), 0 updated, and 0 deleted.
2024-09-25 05:30:04 update_quarterly: done
2024-09-25 05:45:03 update_quarterly: updating kerktijden (forward)
2024-09-25 05:45:03 update_quarterly: updating kerkomroep (all)
2024-09-25 05:45:03 update_quarterly: updating youtube (last 10)
2024-09-25 05:45:04 YouTube:remote_to_local: 0 new items (events #), 0 updated, and 0 deleted.
2024-09-25 05:45:04 update_quarterly: done
2024-09-25 06:00:02 update_quarterly: updating kerktijden (forward)
2024-09-25 06:00:02 update_quarterly: updating kerkomroep (all)
2024-09-25 06:00:03 update_quarterly: updating youtube (last 10)
2024-09-25 06:00:03 YouTube:remote_to_local: 0 new items (events #), 0 updated, and 0 deleted.
2024-09-25 06:00:03 update_quarterly: done
2024-09-25 06:15:03 update_quarterly: updating kerktijden (forward)
2024-09-25 06:15:03 update_quarterly: updating kerkomroep (all)
2024-09-25 06:15:04 update_quarterly: updating youtube (last 10)
2024-09-25 06:15:04 YouTube:remote_to_local: 0 new items (events #), 0 updated, and 0 deleted.
2024-09-25 06:15:04 update_quarterly: done
2024-09-25 06:30:02 update_quarterly: updating kerktijden (forward)
2024-09-25 06:30:02 update_quarterly: updating kerkomroep (all)
2024-09-25 06:30:02 update_quarterly: updating youtube (last 10)
2024-09-25 06:30:03 YouTube:remote_to_local: 0 new items (events #), 0 updated, and 0 deleted.
2024-09-25 06:30:03 update_quarterly: done
2024-09-25 06:45:02 update_quarterly: updating kerktijden (forward)
2024-09-25 06:45:02 update_quarterly: updating kerkomroep (all)
2024-09-25 06:45:02 update_quarterly: updating youtube (last 10)
2024-09-25 06:45:03 YouTube:remote_to_local: 0 new items (events #), 0 updated, and 0 deleted.
2024-09-25 06:45:03 update_quarterly: done
2024-09-25 07:00:03 update_quarterly: updating kerktijden (forward)
2024-09-25 07:00:03 update_quarterly: updating kerkomroep (all)
2024-09-25 07:00:03 update_quarterly: updating youtube (last 10)
2024-09-25 07:00:04 YouTube:remote_to_local: 0 new items (events #), 0 updated, and 0 deleted.
2024-09-25 07:00:04 update_quarterly: done
2024-09-25 07:15:03 update_quarterly: updating kerktijden (forward)
2024-09-25 07:15:03 update_quarterly: updating kerkomroep (all)
2024-09-25 07:15:03 update_quarterly: updating youtube (last 10)
2024-09-25 07:15:04 YouTube:remote_to_local: 0 new items (events #), 0 updated, and 0 deleted.
2024-09-25 07:15:04 update_quarterly: done
2024-09-25 07:30:03 update_quarterly: updating kerktijden (forward)
2024-09-25 07:30:03 update_quarterly: updating kerkomroep (all)
2024-09-25 07:30:03 update_quarterly: updating youtube (last 10)
2024-09-25 07:30:03 YouTube:remote_to_local: 0 new items (events #), 0 updated, and 0 deleted.
2024-09-25 07:30:03 update_quarterly: done
2024-09-25 07:45:05 update_quarterly: updating kerktijden (forward)
2024-09-25 07:45:05 update_quarterly: updating kerkomroep (all)
2024-09-25 07:45:05 update_quarterly: updating youtube (last 10)
2024-09-25 07:45:05 YouTube:remote_to_local: 0 new items (events #), 0 updated, and 0 deleted.
2024-09-25 07:45:05 update_quarterly: done
2024-09-25 08:00:03 update_quarterly: updating kerktijden (forward)
2024-09-25 08:00:04 update_quarterly: updating kerkomroep (all)
2024-09-25 08:00:04 update_quarterly: updating youtube (last 10)
2024-09-25 08:00:04 YouTube:remote_to_local: 0 new items (events #), 0 updated, and 0 deleted.
2024-09-25 08:00:04 update_quarterly: done
2024-09-25 08:15:02 update_quarterly: updating kerktijden (forward)
2024-09-25 08:15:03 update_quarterly: updating kerkomroep (all)
2024-09-25 08:15:03 update_quarterly: updating youtube (last 10)
2024-09-25 08:15:03 YouTube:remote_to_local: 0 new items (events #), 0 updated, and 0 deleted.
2024-09-25 08:15:03 update_quarterly: done
2024-09-25 08:30:03 update_quarterly: updating kerktijden (forward)
2024-09-25 08:30:03 update_quarterly: updating kerkomroep (all)
2024-09-25 08:30:03 update_quarterly: updating youtube (last 10)
2024-09-25 08:30:03 YouTube:remote_to_local: 0 new items (events #), 0 updated, and 0 deleted.
2024-09-25 08:30:03 update_quarterly: done
2024-09-25 08:45:05 update_quarterly: updating kerktijden (forward)
2024-09-25 08:45:05 update_quarterly: updating kerkomroep (all)
2024-09-25 08:45:05 update_quarterly: updating youtube (last 10)
2024-09-25 08:45:05 YouTube:remote_to_local: 0 new items (events #), 0 updated, and 0 deleted.
2024-09-25 08:45:05 update_quarterly: done
2024-09-25 09:00:04 update_quarterly: updating kerktijden (forward)
2024-09-25 09:00:04 update_quarterly: updating kerkomroep (all)
2024-09-25 09:00:04 update_quarterly: updating youtube (last 10)
2024-09-25 09:00:05 YouTube:remote_to_local: 0 new items (events #), 0 updated, and 0 deleted.
2024-09-25 09:00:05 update_quarterly: done
2024-09-25 09:15:03 update_quarterly: updating kerktijden (forward)
2024-09-25 09:15:03 update_quarterly: updating kerkomroep (all)
2024-09-25 09:15:04 update_quarterly: updating youtube (last 10)
2024-09-25 09:15:04 YouTube:remote_to_local: 0 new items (events #), 0 updated, and 0 deleted.
2024-09-25 09:15:04 update_quarterly: done
2024-09-25 09:30:04 update_quarterly: updating kerktijden (forward)
2024-09-25 09:30:04 update_quarterly: updating kerkomroep (all)
2024-09-25 09:30:04 update_quarterly: updating youtube (last 10)
2024-09-25 09:30:04 YouTube:remote_to_local: 0 new items (events #), 0 updated, and 0 deleted.
2024-09-25 09:30:04 update_quarterly: done
2024-09-25 09:45:03 update_quarterly: updating kerktijden (forward)
2024-09-25 09:45:03 update_quarterly: updating kerkomroep (all)
2024-09-25 09:45:03 update_quarterly: updating youtube (last 10)
2024-09-25 09:45:04 YouTube:remote_to_local: 0 new items (events #), 0 updated, and 0 deleted.
2024-09-25 09:45:04 update_quarterly: done
2024-09-25 10:00:04 update_quarterly: updating kerktijden (forward)
2024-09-25 10:00:04 update_quarterly: updating kerkomroep (all)
2024-09-25 10:00:05 update_quarterly: updating youtube (last 10)
2024-09-25 10:00:05 YouTube:remote_to_local: 0 new items (events #), 0 updated, and 0 deleted.
2024-09-25 10:00:05 update_quarterly: done
2024-09-25 10:15:03 update_quarterly: updating kerktijden (forward)
2024-09-25 10:15:04 update_quarterly: updating kerkomroep (all)
2024-09-25 10:15:04 update_quarterly: updating youtube (last 10)
2024-09-25 10:15:04 YouTube:remote_to_local: 0 new items (events #), 0 updated, and 0 deleted.
2024-09-25 10:15:04 update_quarterly: done
2024-09-25 10:30:03 update_quarterly: updating kerktijden (forward)
2024-09-25 10:30:03 update_quarterly: updating kerkomroep (all)
2024-09-25 10:30:03 update_quarterly: updating youtube (last 10)
2024-09-25 10:30:04 YouTube:remote_to_local: 0 new items (events #), 0 updated, and 0 deleted.
2024-09-25 10:30:04 update_quarterly: done
2024-09-25 10:45:03 update_quarterly: updating kerktijden (forward)
2024-09-25 10:45:03 update_quarterly: updating kerkomroep (all)
2024-09-25 10:45:03 update_quarterly: updating youtube (last 10)
2024-09-25 10:45:04 YouTube:remote_to_local: 0 new items (events #), 0 updated, and 0 deleted.
2024-09-25 10:45:04 update_quarterly: done
2024-09-25 11:00:02 update_quarterly: updating kerktijden (forward)
2024-09-25 11:00:03 update_quarterly: updating kerkomroep (all)
2024-09-25 11:00:03 update_quarterly: updating youtube (last 10)
2024-09-25 11:00:03 YouTube:remote_to_local: 0 new items (events #), 0 updated, and 0 deleted.
2024-09-25 11:00:03 update_quarterly: done
2024-09-25 11:15:02 update_quarterly: updating kerktijden (forward)
2024-09-25 11:15:02 update_quarterly: updating kerkomroep (all)
2024-09-25 11:15:02 update_quarterly: updating youtube (last 10)
2024-09-25 11:15:03 YouTube:remote_to_local: 0 new items (events #), 0 updated, and 0 deleted.
2024-09-25 11:15:03 update_quarterly: done
2024-09-25 11:30:03 update_quarterly: updating kerktijden (forward)
2024-09-25 11:30:03 update_quarterly: updating kerkomroep (all)
2024-09-25 11:30:03 update_quarterly: updating youtube (last 10)
2024-09-25 11:30:04 YouTube:remote_to_local: 0 new items (events #), 0 updated, and 0 deleted.
2024-09-25 11:30:04 update_quarterly: done
2024-09-25 11:45:03 update_quarterly: updating kerktijden (forward)
2024-09-25 11:45:03 update_quarterly: updating kerkomroep (all)
2024-09-25 11:45:03 update_quarterly: updating youtube (last 10)
2024-09-25 11:45:03 YouTube:remote_to_local: 0 new items (events #), 0 updated, and 0 deleted.
2024-09-25 11:45:03 update_quarterly: done
2024-09-25 12:00:04 update_quarterly: updating kerktijden (forward)
2024-09-25 12:00:05 update_quarterly: updating kerkomroep (all)
2024-09-25 12:00:05 update_quarterly: updating youtube (last 10)
2024-09-25 12:00:05 YouTube:remote_to_local: 0 new items (events #), 0 updated, and 0 deleted.
2024-09-25 12:00:05 update_quarterly: done
2024-09-25 12:15:03 update_quarterly: updating kerktijden (forward)
2024-09-25 12:15:03 update_quarterly: updating kerkomroep (all)
2024-09-25 12:15:03 update_quarterly: updating youtube (last 10)
2024-09-25 12:15:04 YouTube:remote_to_local: 0 new items (events #), 0 updated, and 0 deleted.
2024-09-25 12:15:04 update_quarterly: done
2024-09-25 12:30:03 update_quarterly: updating kerktijden (forward)
2024-09-25 12:30:03 update_quarterly: updating kerkomroep (all)
2024-09-25 12:30:03 update_quarterly: updating youtube (last 10)
2024-09-25 12:30:04 YouTube:remote_to_local: 0 new items (events #), 0 updated, and 0 deleted.
2024-09-25 12:30:04 update_quarterly: done
2024-09-25 12:45:03 update_quarterly: updating kerktijden (forward)
2024-09-25 12:45:03 update_quarterly: updating kerkomroep (all)
2024-09-25 12:45:03 update_quarterly: updating youtube (last 10)
2024-09-25 12:45:03 YouTube:remote_to_local: 0 new items (events #), 0 updated, and 0 deleted.
2024-09-25 12:45:04 update_quarterly: done
2024-09-25 13:00:04 update_quarterly: updating kerktijden (forward)
2024-09-25 13:00:04 update_quarterly: updating kerkomroep (all)
2024-09-25 13:00:04 update_quarterly: updating youtube (last 10)
2024-09-25 13:00:04 YouTube:remote_to_local: 0 new items (events #), 0 updated, and 0 deleted.
2024-09-25 13:00:04 update_quarterly: done
2024-09-25 13:15:03 update_quarterly: updating kerktijden (forward)
2024-09-25 13:15:03 update_quarterly: updating kerkomroep (all)
2024-09-25 13:15:03 update_quarterly: updating youtube (last 10)
2024-09-25 13:15:04 YouTube:remote_to_local: 0 new items (events #), 0 updated, and 0 deleted.
2024-09-25 13:15:04 update_quarterly: done
2024-09-25 13:30:03 update_quarterly: updating kerktijden (forward)
2024-09-25 13:30:03 update_quarterly: updating kerkomroep (all)
2024-09-25 13:30:04 update_quarterly: updating youtube (last 10)
2024-09-25 13:30:04 YouTube:remote_to_local: 0 new items (events #), 0 updated, and 0 deleted.
2024-09-25 13:30:04 update_quarterly: done
2024-09-25 13:45:04 update_quarterly: updating kerktijden (forward)
2024-09-25 13:45:04 update_quarterly: updating kerkomroep (all)
2024-09-25 13:45:04 update_quarterly: updating youtube (last 10)
2024-09-25 13:45:04 YouTube:remote_to_local: 0 new items (events #), 0 updated, and 0 deleted.
2024-09-25 13:45:04 update_quarterly: done
2024-09-25 14:00:04 update_quarterly: updating kerktijden (forward)
2024-09-25 14:00:04 update_quarterly: updating kerkomroep (all)
2024-09-25 14:00:04 update_quarterly: updating youtube (last 10)
2024-09-25 14:00:05 YouTube:remote_to_local: 0 new items (events #), 0 updated, and 0 deleted.
2024-09-25 14:00:05 update_quarterly: done
2024-09-25 14:15:06 update_quarterly: updating kerktijden (forward)
2024-09-25 14:15:06 update_quarterly: updating kerkomroep (all)
2024-09-25 14:15:06 update_quarterly: updating youtube (last 10)
2024-09-25 14:15:07 YouTube:remote_to_local: 0 new items (events #), 0 updated, and 0 deleted.
2024-09-25 14:15:07 update_quarterly: done
2024-09-25 14:30:04 update_quarterly: updating kerktijden (forward)
2024-09-25 14:30:04 update_quarterly: updating kerkomroep (all)
2024-09-25 14:30:04 update_quarterly: updating youtube (last 10)
2024-09-25 14:30:05 YouTube:remote_to_local: 0 new items (events #), 0 updated, and 0 deleted.
2024-09-25 14:30:05 update_quarterly: done
2024-09-25 14:45:05 update_quarterly: updating kerktijden (forward)
2024-09-25 14:45:05 update_quarterly: updating kerkomroep (all)
2024-09-25 14:45:05 update_quarterly: updating youtube (last 10)
2024-09-25 14:45:05 YouTube:remote_to_local: 0 new items (events #), 0 updated, and 0 deleted.
2024-09-25 14:45:06 update_quarterly: done
2024-09-25 15:00:03 update_quarterly: updating kerktijden (forward)
2024-09-25 15:00:04 update_quarterly: updating kerkomroep (all)
2024-09-25 15:00:04 update_quarterly: updating youtube (last 10)
2024-09-25 15:00:04 YouTube:remote_to_local: 0 new items (events #), 0 updated, and 0 deleted.
2024-09-25 15:00:04 update_quarterly: done
2024-09-25 15:15:03 update_quarterly: updating kerktijden (forward)
2024-09-25 15:15:03 update_quarterly: updating kerkomroep (all)
2024-09-25 15:15:03 update_quarterly: updating youtube (last 10)
2024-09-25 15:15:04 YouTube:remote_to_local: 0 new items (events #), 0 updated, and 0 deleted.
2024-09-25 15:15:04 update_quarterly: done
2024-09-25 15:30:03 update_quarterly: updating kerktijden (forward)
2024-09-25 15:30:03 update_quarterly: updating kerkomroep (all)
2024-09-25 15:30:03 update_quarterly: updating youtube (last 10)
2024-09-25 15:30:03 YouTube:remote_to_local: 0 new items (events #), 0 updated, and 0 deleted.
2024-09-25 15:30:03 update_quarterly: done
2024-09-25 15:45:03 update_quarterly: updating kerktijden (forward)
2024-09-25 15:45:03 update_quarterly: updating kerkomroep (all)
2024-09-25 15:45:03 update_quarterly: updating youtube (last 10)
2024-09-25 15:45:04 YouTube:remote_to_local: 0 new items (events #), 0 updated, and 0 deleted.
2024-09-25 15:45:04 update_quarterly: done
2024-09-25 16:00:04 update_quarterly: updating kerktijden (forward)
2024-09-25 16:00:04 update_quarterly: updating kerkomroep (all)
2024-09-25 16:00:04 update_quarterly: updating youtube (last 10)
2024-09-25 16:00:04 YouTube:remote_to_local: 0 new items (events #), 0 updated, and 0 deleted.
2024-09-25 16:00:04 update_quarterly: done
2024-09-25 16:15:02 update_quarterly: updating kerktijden (forward)
2024-09-25 16:15:03 update_quarterly: updating kerkomroep (all)
2024-09-25 16:15:03 update_quarterly: updating youtube (last 10)
2024-09-25 16:15:03 YouTube:remote_to_local: 0 new items (events #), 0 updated, and 0 deleted.
2024-09-25 16:15:03 update_quarterly: done
2024-09-25 16:30:03 update_quarterly: updating kerktijden (forward)
2024-09-25 16:30:03 update_quarterly: updating kerkomroep (all)
2024-09-25 16:30:04 update_quarterly: updating youtube (last 10)
2024-09-25 16:30:04 YouTube:remote_to_local: 0 new items (events #), 0 updated, and 0 deleted.
2024-09-25 16:30:04 update_quarterly: done
2024-09-25 16:45:03 update_quarterly: updating kerktijden (forward)
2024-09-25 16:45:03 update_quarterly: updating kerkomroep (all)
2024-09-25 16:45:03 update_quarterly: updating youtube (last 10)
2024-09-25 16:45:04 YouTube:remote_to_local: 0 new items (events #), 0 updated, and 0 deleted.
2024-09-25 16:45:04 update_quarterly: done
2024-09-25 17:00:03 update_quarterly: updating kerktijden (forward)
2024-09-25 17:00:03 update_quarterly: updating kerkomroep (all)
2024-09-25 17:00:03 update_quarterly: updating youtube (last 10)
2024-09-25 17:00:04 YouTube:remote_to_local: 0 new items (events #), 0 updated, and 0 deleted.
2024-09-25 17:00:04 update_quarterly: done
2024-09-25 17:15:03 update_quarterly: updating kerktijden (forward)
2024-09-25 17:15:03 update_quarterly: updating kerkomroep (all)
2024-09-25 17:15:03 update_quarterly: updating youtube (last 10)
2024-09-25 17:15:04 YouTube:remote_to_local: 0 new items (events #), 0 updated, and 0 deleted.
2024-09-25 17:15:04 update_quarterly: done
2024-09-25 17:30:03 update_quarterly: updating kerktijden (forward)
2024-09-25 17:30:03 update_quarterly: updating kerkomroep (all)
2024-09-25 17:30:03 update_quarterly: updating youtube (last 10)
2024-09-25 17:30:04 YouTube:remote_to_local: 0 new items (events #), 0 updated, and 0 deleted.
2024-09-25 17:30:04 update_quarterly: done
2024-09-25 17:45:03 update_quarterly: updating kerktijden (forward)
2024-09-25 17:45:03 update_quarterly: updating kerkomroep (all)
2024-09-25 17:45:03 update_quarterly: updating youtube (last 10)
2024-09-25 17:45:03 YouTube:remote_to_local: 0 new items (events #), 0 updated, and 0 deleted.
2024-09-25 17:45:03 update_quarterly: done
2024-09-25 18:00:03 update_quarterly: updating kerktijden (forward)
2024-09-25 18:00:03 update_quarterly: updating kerkomroep (all)
2024-09-25 18:00:03 update_quarterly: updating youtube (last 10)
2024-09-25 18:00:04 YouTube:remote_to_local: 0 new items (events #), 0 updated, and 0 deleted.
2024-09-25 18:00:04 update_quarterly: done
2024-09-25 18:15:02 update_quarterly: updating kerktijden (forward)
2024-09-25 18:15:02 update_quarterly: updating kerkomroep (all)
2024-09-25 18:15:02 update_quarterly: updating youtube (last 10)
2024-09-25 18:15:03 YouTube:remote_to_local: 0 new items (events #), 0 updated, and 0 deleted.
2024-09-25 18:15:03 update_quarterly: done
2024-09-25 18:30:03 update_quarterly: updating kerktijden (forward)
2024-09-25 18:30:03 update_quarterly: updating kerkomroep (all)
2024-09-25 18:30:03 update_quarterly: updating youtube (last 10)
2024-09-25 18:30:04 YouTube:remote_to_local: 0 new items (events #), 0 updated, and 0 deleted.
2024-09-25 18:30:04 update_quarterly: done
2024-09-25 18:45:03 update_quarterly: updating kerktijden (forward)
2024-09-25 18:45:03 update_quarterly: updating kerkomroep (all)
2024-09-25 18:45:03 update_quarterly: updating youtube (last 10)
2024-09-25 18:45:03 YouTube:remote_to_local: 0 new items (events #), 0 updated, and 0 deleted.
2024-09-25 18:45:03 update_quarterly: done
2024-09-25 19:00:03 update_quarterly: updating kerktijden (forward)
2024-09-25 19:00:03 update_quarterly: updating kerkomroep (all)
2024-09-25 19:00:04 update_quarterly: updating youtube (last 10)
2024-09-25 19:00:04 YouTube:remote_to_local: 0 new items (events #), 0 updated, and 0 deleted.
2024-09-25 19:00:04 update_quarterly: done
2024-09-25 19:15:03 update_quarterly: updating kerktijden (forward)
2024-09-25 19:15:03 update_quarterly: updating kerkomroep (all)
2024-09-25 19:15:03 update_quarterly: updating youtube (last 10)
2024-09-25 19:15:04 YouTube:remote_to_local: 0 new items (events #), 0 updated, and 0 deleted.
2024-09-25 19:15:04 update_quarterly: done
2024-09-25 19:30:03 update_quarterly: updating kerktijden (forward)
2024-09-25 19:30:03 update_quarterly: updating kerkomroep (all)
2024-09-25 19:30:03 update_quarterly: updating youtube (last 10)
2024-09-25 19:30:04 YouTube:remote_to_local: 0 new items (events #), 0 updated, and 0 deleted.
2024-09-25 19:30:04 update_quarterly: done
2024-09-25 19:45:03 update_quarterly: updating kerktijden (forward)
2024-09-25 19:45:04 update_quarterly: updating kerkomroep (all)
2024-09-25 19:45:04 update_quarterly: updating youtube (last 10)
2024-09-25 19:45:04 YouTube:remote_to_local: 0 new items (events #), 0 updated, and 0 deleted.
2024-09-25 19:45:04 update_quarterly: done
2024-09-25 20:00:04 update_quarterly: updating kerktijden (forward)
2024-09-25 20:00:04 update_quarterly: updating kerkomroep (all)
2024-09-25 20:00:04 update_quarterly: updating youtube (last 10)
2024-09-25 20:00:04 YouTube:remote_to_local: 0 new items (events #), 0 updated, and 0 deleted.
2024-09-25 20:00:04 update_quarterly: done
2024-09-25 20:15:04 update_quarterly: updating kerktijden (forward)
2024-09-25 20:15:04 update_quarterly: updating kerkomroep (all)
2024-09-25 20:15:04 update_quarterly: updating youtube (last 10)
2024-09-25 20:15:04 YouTube:remote_to_local: 0 new items (events #), 0 updated, and 0 deleted.
2024-09-25 20:15:04 update_quarterly: done
2024-09-25 20:30:03 update_quarterly: updating kerktijden (forward)
2024-09-25 20:30:03 update_quarterly: updating kerkomroep (all)
2024-09-25 20:30:03 update_quarterly: updating youtube (last 10)
2024-09-25 20:30:04 YouTube:remote_to_local: 0 new items (events #), 0 updated, and 0 deleted.
2024-09-25 20:30:04 update_quarterly: done
2024-09-25 20:45:05 update_quarterly: updating kerktijden (forward)
2024-09-25 20:45:05 update_quarterly: updating kerkomroep (all)
2024-09-25 20:45:05 update_quarterly: updating youtube (last 10)
2024-09-25 20:45:06 YouTube:remote_to_local: 0 new items (events #), 0 updated, and 0 deleted.
2024-09-25 20:45:06 update_quarterly: done
2024-09-25 19:27:28 update_quarterly: done
2024-09-25 19:32:07 update_quarterly: done
2024-09-25 19:33:48 update_quarterly: done
2024-09-25 19:40:25 update_quarterly: done
2024-09-25 19:47:49 update_now: updating kerkomroep (most recent record)
2024-09-25 19:47:49 update_now: done
2024-09-25 19:50:23 update_now: updating kerkomroep (most recent record)
2024-09-25 19:50:23 update_now: done
2024-09-25 19:51:25 update_now: updating kerkomroep (most recent record)
2024-09-25 19:51:25 update_now: done
2024-09-25 19:52:25 update_now: updating kerkomroep (most recent record)
2024-09-25 19:52:25 update_now: done
2024-09-25 19:53:26 update_now: updating kerkomroep (most recent record)
2024-09-25 19:53:26 update_now: done
2024-09-25 19:54:26 update_now: updating kerkomroep (most recent record)
2024-09-25 19:54:26 update_now: done
2024-09-25 19:55:27 update_quarterly: updating kerktijden (forward)
2024-09-25 19:55:28 update_quarterly: updating kerkomroep (all)
2024-09-25 19:55:28 update_quarterly: done
2024-09-25 19:55:28 update_now: updating kerkomroep (most recent record)
2024-09-25 19:55:28 update_now: done
2024-09-25 19:57:24 update_now: updating kerkomroep (most recent record)
2024-09-25 19:57:24 update_now: done
2024-09-25 19:59:23 update_now: updating kerkomroep (most recent record)
2024-09-25 19:59:23 update_now: done
2024-09-25 20:03:54 update_now: updating kerkomroep (most recent record)
2024-09-25 20:03:54 update_now: done
2024-09-25 20:07:58 update_now: updating kerkomroep (most recent record)
2024-09-25 20:07:58 update_now: done
2024-09-25 20:09:16 update_now: updating kerkomroep (most recent record)
2024-09-25 20:09:16 update_now: done
2024-09-25 20:10:16 update_now: updating kerkomroep (most recent record)
2024-09-25 20:10:17 update_now: done
2024-09-25 20:10:47 update_quarterly: updating kerktijden (forward)
2024-09-25 20:10:47 update_quarterly: updating kerkomroep (all)
2024-09-25 20:10:47 update_quarterly: done
2024-09-25 20:11:16 update_now: updating kerkomroep (most recent record)
2024-09-25 20:11:16 update_now: done
2024-09-25 20:12:16 update_now: updating kerkomroep (most recent record)
2024-09-25 20:12:16 update_now: done
2024-09-25 20:13:16 update_now: updating kerkomroep (most recent record)
2024-09-25 20:13:16 update_now: done
2024-09-25 20:14:16 update_now: updating kerkomroep (most recent record)
2024-09-25 20:14:17 update_now: done
2024-09-25 20:15:16 update_now: updating kerkomroep (most recent record)
2024-09-25 20:15:17 update_now: done
2024-09-25 20:16:17 update_now: updating kerkomroep (most recent record)
2024-09-25 20:16:18 update_now: done
2024-09-25 20:17:17 update_now: updating kerkomroep (most recent record)
2024-09-25 20:17:17 update_now: done
2024-09-25 20:18:19 update_now: updating kerkomroep (most recent record)
2024-09-25 20:18:19 update_now: done
2024-09-25 20:19:19 update_now: updating kerkomroep (most recent record)
2024-09-25 20:19:19 update_now: done
2024-09-25 20:20:19 update_now: updating kerkomroep (most recent record)
2024-09-25 20:20:19 update_now: done
2024-09-25 20:21:19 update_now: updating kerkomroep (most recent record)
2024-09-25 20:21:19 update_now: done
2024-09-25 20:22:19 update_now: updating kerkomroep (most recent record)
2024-09-25 20:22:19 update_now: done
2024-09-25 20:23:19 update_now: updating kerkomroep (most recent record)
2024-09-25 20:23:19 update_now: done
2024-09-25 20:24:19 update_now: updating kerkomroep (most recent record)
2024-09-25 20:24:19 update_now: done
2024-09-25 20:25:19 update_now: updating kerkomroep (most recent record)
2024-09-25 20:25:19 update_now: done
2024-09-25 20:25:50 update_quarterly: updating kerktijden (forward)
2024-09-25 20:25:50 update_quarterly: updating kerkomroep (all)
2024-09-25 20:25:50 update_quarterly: done
2024-09-25 20:26:19 update_now: updating kerkomroep (most recent record)
2024-09-25 20:26:19 update_now: done
2024-09-25 20:27:19 update_now: updating kerkomroep (most recent record)
2024-09-25 20:27:19 update_now: done
2024-09-25 20:28:21 update_now: updating kerkomroep (most recent record)
2024-09-25 20:28:21 update_now: done
2024-09-25 20:29:21 update_now: updating kerkomroep (most recent record)
2024-09-25 20:29:21 update_now: done
2024-09-25 20:30:21 update_now: updating kerkomroep (most recent record)
2024-09-25 20:30:22 update_now: done
2024-09-25 20:31:21 update_now: updating kerkomroep (most recent record)
2024-09-25 20:31:22 update_now: done
2024-09-25 20:32:21 update_now: updating kerkomroep (most recent record)
2024-09-25 20:32:22 update_now: done
2024-09-25 20:33:21 update_now: updating kerkomroep (most recent record)
2024-09-25 20:33:22 update_now: done
2024-09-25 20:34:22 update_now: updating kerkomroep (most recent record)
2024-09-25 20:34:22 update_now: done
2024-09-25 20:35:23 update_now: updating kerkomroep (most recent record)
2024-09-25 20:35:23 update_now: done
2024-09-25 20:36:23 update_now: updating kerkomroep (most recent record)
2024-09-25 20:36:23 update_now: done
2024-09-25 20:37:23 update_now: updating kerkomroep (most recent record)
2024-09-25 20:37:23 update_now: done
2024-09-25 20:38:23 update_now: updating kerkomroep (most recent record)
2024-09-25 20:38:23 update_now: done
2024-09-25 20:39:23 update_now: updating kerkomroep (most recent record)
2024-09-25 20:39:23 update_now: done
2024-09-25 20:40:24 update_quarterly: updating kerktijden (forward)
2024-09-25 20:40:24 update_quarterly: updating kerkomroep (all)
2024-09-25 20:40:24 update_quarterly: done
2024-09-25 20:40:24 update_now: updating kerkomroep (most recent record)
2024-09-25 20:40:24 update_now: done
2024-09-25 20:41:24 update_now: updating kerkomroep (most recent record)
2024-09-25 20:41:24 update_now: done
2024-09-25 20:42:24 update_now: updating kerkomroep (most recent record)
2024-09-25 20:42:24 update_now: done
2024-09-25 20:43:24 update_now: updating kerkomroep (most recent record)
2024-09-25 20:43:24 update_now: done
2024-09-25 20:44:28 update_now: updating kerkomroep (most recent record)
2024-09-25 20:44:29 update_now: done
2024-09-25 20:45:54 update_now: updating kerkomroep (most recent record)
2024-09-25 20:45:54 update_now: done
2024-09-25 20:46:55 update_now: updating kerkomroep (most recent record)
2024-09-25 20:46:55 update_now: done
2024-09-25 20:47:57 update_now: updating kerkomroep (most recent record)
2024-09-25 20:47:57 update_now: done
2024-09-25 20:48:57 update_now: updating kerkomroep (most recent record)
2024-09-25 20:48:57 update_now: done
2024-09-25 20:49:57 update_now: updating kerkomroep (most recent record)
2024-09-25 20:49:57 update_now: done
2024-09-25 20:50:58 update_now: updating kerkomroep (most recent record)
2024-09-25 20:50:58 update_now: done
2024-09-25 20:52:00 update_now: updating kerkomroep (most recent record)
2024-09-25 20:52:00 update_now: done
2024-09-25 20:53:02 update_now: updating kerkomroep (most recent record)
2024-09-25 20:53:02 update_now: done
2024-09-25 20:54:02 update_now: updating kerkomroep (most recent record)
2024-09-25 20:54:02 update_now: done
2024-09-25 20:55:02 update_now: updating kerkomroep (most recent record)
2024-09-25 20:55:02 update_now: done
2024-09-25 20:55:33 update_quarterly: updating kerktijden (forward)
2024-09-25 20:55:33 update_quarterly: updating kerkomroep (all)
2024-09-25 20:55:33 update_quarterly: done
2024-09-25 20:56:02 update_now: updating kerkomroep (most recent record)
2024-09-25 20:56:02 update_now: done
2024-09-25 20:57:02 update_now: updating kerkomroep (most recent record)
2024-09-25 20:57:02 update_now: done
2024-09-25 20:58:02 update_now: updating kerkomroep (most recent record)
2024-09-25 20:58:02 update_now: done
2024-09-25 20:59:02 update_now: updating kerkomroep (most recent record)
2024-09-25 20:59:02 update_now: done
2024-09-27 08:32:09 update_quarterly: done
2024-09-27 08:47:17 update_quarterly: done
2024-09-27 17:23:35 update_quarterly: updating kerktijden (forward)
2024-09-27 17:23:36 update_quarterly: updating kerkomroep (all)
2024-09-27 17:23:36 update_quarterly: done
2024-09-27 17:26:10 update_now: updating kerkomroep (most recent record)
2024-09-27 17:26:10 update_now: done
2024-09-27 17:27:26 update_now: updating kerkomroep (most recent record)
2024-09-27 17:27:26 update_now: done
